{"/Users/apple/react-carousel/src/App.tsx": {"path":"/Users/apple/react-carousel/src/App.tsx","statementMap":{"0":{"start":{"line":8,"column":25},"end":{"line":8,"column":226}},"1":{"start":{"line":9,"column":25},"end":{"line":24,"column":18}},"2":{"start":{"line":10,"column":4},"end":{"line":10,"column":35}},"3":{"start":{"line":12,"column":8},"end":{"line":12,"column":72}},"4":{"start":{"line":14,"column":4},"end":{"line":22,"column":6}},"5":{"start":{"line":15,"column":8},"end":{"line":21,"column":67}},"6":{"start":{"line":23,"column":4},"end":{"line":23,"column":15}}},"fnMap":{"0":{"name":"(anonymous_0)","decl":{"start":{"line":9,"column":25},"end":{"line":9,"column":26}},"loc":{"start":{"line":9,"column":43},"end":{"line":24,"column":1}},"line":9},"1":{"name":"App","decl":{"start":{"line":11,"column":13},"end":{"line":11,"column":16}},"loc":{"start":{"line":11,"column":19},"end":{"line":13,"column":5}},"line":11},"2":{"name":"(anonymous_2)","decl":{"start":{"line":14,"column":27},"end":{"line":14,"column":28}},"loc":{"start":{"line":14,"column":39},"end":{"line":22,"column":5}},"line":14}},"branchMap":{"0":{"loc":{"start":{"line":8,"column":36},"end":{"line":8,"column":225}},"type":"binary-expr","locations":[{"start":{"line":8,"column":36},"end":{"line":8,"column":52}},{"start":{"line":8,"column":57},"end":{"line":8,"column":224}}],"line":8},"1":{"loc":{"start":{"line":12,"column":15},"end":{"line":12,"column":71}},"type":"binary-expr","locations":[{"start":{"line":12,"column":15},"end":{"line":12,"column":30}},{"start":{"line":12,"column":34},"end":{"line":12,"column":63}},{"start":{"line":12,"column":67},"end":{"line":12,"column":71}}],"line":12}},"s":{"0":1,"1":1,"2":1,"3":1,"4":1,"5":1,"6":1},"f":{"0":1,"1":1,"2":1},"b":{"0":[1,1],"1":[1,1,1]},"inputSourceMap":{"version":3,"file":"App.js","sourceRoot":"","sources":["App.tsx"],"names":[],"mappings":";AAAA,OAAO,KAAK,KAAK,MAAM,OAAO,CAAC;AAC/B,OAAO,EAAE,QAAQ,EAAE,MAAM,aAAa,CAAC;AACvC,OAAO,MAAM,MAAM,mBAAmB,CAAC;AAEvC,OAAO,WAAW,CAAC;AACnB,OAAO,EAAC,UAAU,EAAC,MAAM,iCAAiC,CAAC;AAC3D,OAAO,KAAK,MAAM,SAAS,CAAC;AAE5B,IAAM,kBAAkB,GAAG,MAAM,CAAC,GAAG,mIAAA,wDAIpC,IAAA,CAAC;AAEF;IAAkB,+BAAe;IAAjC;;IAkBA,CAAC;IAhBQ,oBAAM,GAAb;QACE,OAAO,CACL,6BAAK,SAAS,EAAC,KAAK;YAClB,gCAAQ,SAAS,EAAC,YAAY;gBAC5B,4BAAI,SAAS,EAAC,WAAW,oBAAmB,CACrC;YACP,oBAAC,QAAQ,IAAC,KAAK,EAAE,KAAK;gBACtB;oBACE,oBAAC,kBAAkB;wBACf,oBAAC,UAAU,OAAG,CACG,CACf,CACG,CACT,CACP,CAAC;IACJ,CAAC;IACH,UAAC;AAAD,CAAC,AAlBD,CAAkB,KAAK,CAAC,SAAS,GAkBhC;AAED,eAAe,GAAG,CAAC","sourcesContent":["import * as React from 'react';\nimport { Provider } from 'react-redux';\nimport styled from 'styled-components';\n\nimport './App.css';\nimport {PhotosList} from './modules/PhotosList/PhotosList';\nimport store from './store';\n\nconst PhotoListContainer = styled.div`\n  width: 90%;\n  margin: 0 auto;\n  padding: 10px;\n`;\n\nclass App extends React.Component {\n\n  public render() {\n    return (\n      <div className=\"App\">\n        <header className=\"App-header\">\n          <h1 className=\"App-title\">Carousel Test</h1>\n        </header>\n          <Provider store={store}>\n          <div>\n            <PhotoListContainer>\n                <PhotosList />\n            </PhotoListContainer>\n            </div>\n          </Provider>\n      </div>\n    );\n  }\n}\n\nexport default App;\n"]},"_coverageSchema":"332fd63041d2c1bcb487cc26dd0d5f7d97098a6c","hash":"21b07b4de96e90ad806d1bdab14f99edb986d30c"}
,"/Users/apple/react-carousel/src/index.tsx": {"path":"/Users/apple/react-carousel/src/index.tsx","statementMap":{"0":{"start":{"line":1,"column":13},"end":{"line":1,"column":1261}},"1":{"start":{"line":1,"column":1261},"end":{"line":1,"column":1274}},"2":{"start":{"line":1,"column":1287},"end":{"line":1,"column":1303}},"3":{"start":{"line":1,"column":1316},"end":{"line":1,"column":1347}},"4":{"start":{"line":2,"column":16},"end":{"line":2,"column":36}},"5":{"start":{"line":2,"column":52},"end":{"line":2,"column":86}},"6":{"start":{"line":3,"column":11},"end":{"line":3,"column":27}},"7":{"start":{"line":3,"column":40},"end":{"line":3,"column":68}},"8":{"start":{"line":4,"column":29},"end":{"line":4,"column":63}},"9":{"start":{"line":4,"column":94},"end":{"line":4,"column":140}},"10":{"start":{"line":4,"column":179},"end":{"line":4,"column":233}},"11":{"start":{"line":4,"column":273},"end":{"line":4,"column":489}},"12":{"start":{"line":4,"column":301},"end":{"line":4,"column":312}},"13":{"start":{"line":4,"column":333},"end":{"line":4,"column":335}},"14":{"start":{"line":4,"column":336},"end":{"line":4,"column":453}},"15":{"start":{"line":4,"column":354},"end":{"line":4,"column":452}},"16":{"start":{"line":4,"column":376},"end":{"line":4,"column":451}},"17":{"start":{"line":4,"column":428},"end":{"line":4,"column":451}},"18":{"start":{"line":4,"column":453},"end":{"line":4,"column":474}},"19":{"start":{"line":4,"column":474},"end":{"line":4,"column":488}},"20":{"start":{"line":5,"column":0},"end":{"line":5,"column":91}},"21":{"start":{"line":6,"column":0},"end":{"line":6,"column":39}}},"fnMap":{"0":{"name":"_interopRequireDefault","decl":{"start":{"line":4,"column":150},"end":{"line":4,"column":172}},"loc":{"start":{"line":4,"column":178},"end":{"line":4,"column":234}},"line":4},"1":{"name":"_interopRequireWildcard","decl":{"start":{"line":4,"column":243},"end":{"line":4,"column":266}},"loc":{"start":{"line":4,"column":272},"end":{"line":4,"column":490}},"line":4}},"branchMap":{"0":{"loc":{"start":{"line":4,"column":186},"end":{"line":4,"column":232}},"type":"cond-expr","locations":[{"start":{"line":4,"column":210},"end":{"line":4,"column":213}},{"start":{"line":4,"column":216},"end":{"line":4,"column":232}}],"line":4},"1":{"loc":{"start":{"line":4,"column":186},"end":{"line":4,"column":207}},"type":"binary-expr","locations":[{"start":{"line":4,"column":186},"end":{"line":4,"column":189}},{"start":{"line":4,"column":193},"end":{"line":4,"column":207}}],"line":4},"2":{"loc":{"start":{"line":4,"column":273},"end":{"line":4,"column":489}},"type":"if","locations":[{"start":{"line":4,"column":273},"end":{"line":4,"column":489}},{"start":{"line":4,"column":273},"end":{"line":4,"column":489}}],"line":4},"3":{"loc":{"start":{"line":4,"column":277},"end":{"line":4,"column":298}},"type":"binary-expr","locations":[{"start":{"line":4,"column":277},"end":{"line":4,"column":280}},{"start":{"line":4,"column":284},"end":{"line":4,"column":298}}],"line":4},"4":{"loc":{"start":{"line":4,"column":336},"end":{"line":4,"column":453}},"type":"if","locations":[{"start":{"line":4,"column":336},"end":{"line":4,"column":453}},{"start":{"line":4,"column":336},"end":{"line":4,"column":453}}],"line":4},"5":{"loc":{"start":{"line":4,"column":376},"end":{"line":4,"column":451}},"type":"if","locations":[{"start":{"line":4,"column":376},"end":{"line":4,"column":451}},{"start":{"line":4,"column":376},"end":{"line":4,"column":451}}],"line":4}},"s":{"0":0,"1":0,"2":0,"3":0,"4":0,"5":0,"6":0,"7":0,"8":0,"9":0,"10":0,"11":0,"12":0,"13":0,"14":0,"15":0,"16":0,"17":0,"18":0,"19":0,"20":0,"21":0},"f":{"0":0,"1":0},"b":{"0":[0,0],"1":[0,0],"2":[0,0],"3":[0,0],"4":[0,0],"5":[0,0]}}
,"/Users/apple/react-carousel/src/registerServiceWorker.ts": {"path":"/Users/apple/react-carousel/src/registerServiceWorker.ts","statementMap":{"0":{"start":{"line":1,"column":13},"end":{"line":1,"column":14966}},"1":{"start":{"line":1,"column":14966},"end":{"line":1,"column":14979}},"2":{"start":{"line":1,"column":14979},"end":{"line":1,"column":15041}},"3":{"start":{"line":1,"column":15041},"end":{"line":14,"column":9}},"4":{"start":{"line":14,"column":9},"end":{"line":97,"column":24}},"5":{"start":{"line":105,"column":18},"end":{"line":107,"column":89}},"6":{"start":{"line":107,"column":111},"end":{"line":115,"column":44}},"7":{"start":{"line":108,"column":24},"end":{"line":108,"column":83}},"8":{"start":{"line":108,"column":84},"end":{"line":111,"column":20}},"9":{"start":{"line":111,"column":12},"end":{"line":111,"column":19}},"10":{"start":{"line":111,"column":20},"end":{"line":115,"column":43}},"11":{"start":{"line":111,"column":77},"end":{"line":111,"column":122}},"12":{"start":{"line":111,"column":123},"end":{"line":115,"column":40}},"13":{"start":{"line":112,"column":16},"end":{"line":112,"column":47}},"14":{"start":{"line":114,"column":16},"end":{"line":114,"column":192}},"15":{"start":{"line":114,"column":64},"end":{"line":114,"column":189}},"16":{"start":{"line":115,"column":16},"end":{"line":115,"column":39}},"17":{"start":{"line":115,"column":78},"end":{"line":122,"column":181}},"18":{"start":{"line":115,"column":148},"end":{"line":122,"column":85}},"19":{"start":{"line":115,"column":213},"end":{"line":115,"column":236}},"20":{"start":{"line":115,"column":237},"end":{"line":122,"column":83}},"21":{"start":{"line":115,"column":260},"end":{"line":122,"column":82}},"22":{"start":{"line":115,"column":306},"end":{"line":122,"column":80}},"23":{"start":{"line":115,"column":351},"end":{"line":122,"column":79}},"24":{"start":{"line":119,"column":28},"end":{"line":119,"column":85}},"25":{"start":{"line":122,"column":28},"end":{"line":122,"column":78}},"26":{"start":{"line":122,"column":112},"end":{"line":122,"column":178}},"27":{"start":{"line":123,"column":4},"end":{"line":126,"column":138}},"28":{"start":{"line":124,"column":8},"end":{"line":126,"column":36}},"29":{"start":{"line":125,"column":12},"end":{"line":125,"column":147}},"30":{"start":{"line":125,"column":72},"end":{"line":125,"column":144}},"31":{"start":{"line":125,"column":116},"end":{"line":125,"column":141}},"32":{"start":{"line":126,"column":12},"end":{"line":126,"column":35}},"33":{"start":{"line":126,"column":58},"end":{"line":126,"column":135}},"34":{"start":{"line":126,"column":162},"end":{"line":126,"column":287}},"35":{"start":{"line":126,"column":197},"end":{"line":126,"column":286}},"36":{"start":{"line":126,"column":257},"end":{"line":126,"column":283}}},"fnMap":{"0":{"name":"register","decl":{"start":{"line":107,"column":99},"end":{"line":107,"column":107}},"loc":{"start":{"line":107,"column":110},"end":{"line":115,"column":45}},"line":107},"1":{"name":"(anonymous_1)","decl":{"start":{"line":111,"column":52},"end":{"line":111,"column":53}},"loc":{"start":{"line":111,"column":64},"end":{"line":115,"column":41}},"line":111},"2":{"name":"(anonymous_2)","decl":{"start":{"line":114,"column":51},"end":{"line":114,"column":52}},"loc":{"start":{"line":114,"column":63},"end":{"line":114,"column":190}},"line":114},"3":{"name":"registerValidSW","decl":{"start":{"line":115,"column":54},"end":{"line":115,"column":69}},"loc":{"start":{"line":115,"column":77},"end":{"line":122,"column":182}},"line":115},"4":{"name":"(anonymous_4)","decl":{"start":{"line":115,"column":123},"end":{"line":115,"column":124}},"loc":{"start":{"line":115,"column":147},"end":{"line":122,"column":86}},"line":115},"5":{"name":"(anonymous_5)","decl":{"start":{"line":115,"column":177},"end":{"line":115,"column":178}},"loc":{"start":{"line":115,"column":189},"end":{"line":122,"column":84}},"line":115},"6":{"name":"(anonymous_6)","decl":{"start":{"line":115,"column":293},"end":{"line":115,"column":294}},"loc":{"start":{"line":115,"column":305},"end":{"line":122,"column":81}},"line":115},"7":{"name":"(anonymous_7)","decl":{"start":{"line":122,"column":94},"end":{"line":122,"column":95}},"loc":{"start":{"line":122,"column":111},"end":{"line":122,"column":179}},"line":122},"8":{"name":"checkValidServiceWorker","decl":{"start":{"line":122,"column":191},"end":{"line":122,"column":214}},"loc":{"start":{"line":122,"column":222},"end":{"line":126,"column":139}},"line":122},"9":{"name":"(anonymous_9)","decl":{"start":{"line":123,"column":22},"end":{"line":123,"column":23}},"loc":{"start":{"line":123,"column":42},"end":{"line":126,"column":37}},"line":123},"10":{"name":"(anonymous_10)","decl":{"start":{"line":125,"column":47},"end":{"line":125,"column":48}},"loc":{"start":{"line":125,"column":71},"end":{"line":125,"column":145}},"line":125},"11":{"name":"(anonymous_11)","decl":{"start":{"line":125,"column":103},"end":{"line":125,"column":104}},"loc":{"start":{"line":125,"column":115},"end":{"line":125,"column":142}},"line":125},"12":{"name":"(anonymous_12)","decl":{"start":{"line":126,"column":45},"end":{"line":126,"column":46}},"loc":{"start":{"line":126,"column":57},"end":{"line":126,"column":136}},"line":126},"13":{"name":"unregister","decl":{"start":{"line":126,"column":148},"end":{"line":126,"column":158}},"loc":{"start":{"line":126,"column":161},"end":{"line":126,"column":288}},"line":126},"14":{"name":"(anonymous_14)","decl":{"start":{"line":126,"column":232},"end":{"line":126,"column":233}},"loc":{"start":{"line":126,"column":256},"end":{"line":126,"column":284}},"line":126}},"branchMap":{"0":{"loc":{"start":{"line":105,"column":26},"end":{"line":107,"column":88}},"type":"binary-expr","locations":[{"start":{"line":105,"column":26},"end":{"line":105,"column":66}},{"start":{"line":106,"column":0},"end":{"line":106,"column":36}},{"start":{"line":107,"column":0},"end":{"line":107,"column":88}}],"line":105},"1":{"loc":{"start":{"line":107,"column":111},"end":{"line":115,"column":44}},"type":"if","locations":[{"start":{"line":107,"column":111},"end":{"line":115,"column":44}},{"start":{"line":107,"column":111},"end":{"line":115,"column":44}}],"line":107},"2":{"loc":{"start":{"line":107,"column":115},"end":{"line":107,"column":184}},"type":"binary-expr","locations":[{"start":{"line":107,"column":115},"end":{"line":107,"column":152}},{"start":{"line":107,"column":156},"end":{"line":107,"column":184}}],"line":107},"3":{"loc":{"start":{"line":108,"column":84},"end":{"line":111,"column":20}},"type":"if","locations":[{"start":{"line":108,"column":84},"end":{"line":111,"column":20}},{"start":{"line":108,"column":84},"end":{"line":111,"column":20}}],"line":108},"4":{"loc":{"start":{"line":111,"column":123},"end":{"line":115,"column":40}},"type":"if","locations":[{"start":{"line":111,"column":123},"end":{"line":115,"column":40}},{"start":{"line":111,"column":123},"end":{"line":115,"column":40}}],"line":111},"5":{"loc":{"start":{"line":115,"column":237},"end":{"line":122,"column":83}},"type":"if","locations":[{"start":{"line":115,"column":237},"end":{"line":122,"column":83}},{"start":{"line":115,"column":237},"end":{"line":122,"column":83}}],"line":115},"6":{"loc":{"start":{"line":115,"column":306},"end":{"line":122,"column":80}},"type":"if","locations":[{"start":{"line":115,"column":306},"end":{"line":122,"column":80}},{"start":{"line":115,"column":306},"end":{"line":122,"column":80}}],"line":115},"7":{"loc":{"start":{"line":115,"column":351},"end":{"line":122,"column":79}},"type":"if","locations":[{"start":{"line":115,"column":351},"end":{"line":122,"column":79}},{"start":{"line":115,"column":351},"end":{"line":122,"column":79}}],"line":115},"8":{"loc":{"start":{"line":124,"column":8},"end":{"line":126,"column":36}},"type":"if","locations":[{"start":{"line":124,"column":8},"end":{"line":126,"column":36}},{"start":{"line":124,"column":8},"end":{"line":126,"column":36}}],"line":124},"9":{"loc":{"start":{"line":124,"column":12},"end":{"line":124,"column":104}},"type":"binary-expr","locations":[{"start":{"line":124,"column":12},"end":{"line":124,"column":35}},{"start":{"line":124,"column":39},"end":{"line":124,"column":104}}],"line":124},"10":{"loc":{"start":{"line":126,"column":162},"end":{"line":126,"column":287}},"type":"if","locations":[{"start":{"line":126,"column":162},"end":{"line":126,"column":287}},{"start":{"line":126,"column":162},"end":{"line":126,"column":287}}],"line":126}},"s":{"0":0,"1":0,"2":0,"3":0,"4":0,"5":0,"6":0,"7":0,"8":0,"9":0,"10":0,"11":0,"12":0,"13":0,"14":0,"15":0,"16":0,"17":0,"18":0,"19":0,"20":0,"21":0,"22":0,"23":0,"24":0,"25":0,"26":0,"27":0,"28":0,"29":0,"30":0,"31":0,"32":0,"33":0,"34":0,"35":0,"36":0},"f":{"0":0,"1":0,"2":0,"3":0,"4":0,"5":0,"6":0,"7":0,"8":0,"9":0,"10":0,"11":0,"12":0,"13":0,"14":0},"b":{"0":[0,0,0],"1":[0,0],"2":[0,0],"3":[0,0],"4":[0,0],"5":[0,0],"6":[0,0],"7":[0,0],"8":[0,0],"9":[0,0],"10":[0,0]}}
,"/Users/apple/react-carousel/src/store.ts": {"path":"/Users/apple/react-carousel/src/store.ts","statementMap":{"0":{"start":{"line":4,"column":34},"end":{"line":6,"column":1}},"1":{"start":{"line":5,"column":4},"end":{"line":5,"column":34}},"2":{"start":{"line":7,"column":33},"end":{"line":9,"column":1}},"3":{"start":{"line":8,"column":4},"end":{"line":8,"column":34}},"4":{"start":{"line":10,"column":17},"end":{"line":10,"column":117}},"5":{"start":{"line":11,"column":12},"end":{"line":11,"column":44}}},"fnMap":{"0":{"name":"(anonymous_0)","decl":{"start":{"line":4,"column":34},"end":{"line":4,"column":35}},"loc":{"start":{"line":4,"column":46},"end":{"line":6,"column":1}},"line":4},"1":{"name":"(anonymous_1)","decl":{"start":{"line":7,"column":33},"end":{"line":7,"column":34}},"loc":{"start":{"line":7,"column":45},"end":{"line":9,"column":1}},"line":7}},"branchMap":{"0":{"loc":{"start":{"line":10,"column":17},"end":{"line":10,"column":117}},"type":"cond-expr","locations":[{"start":{"line":10,"column":57},"end":{"line":10,"column":86}},{"start":{"line":10,"column":89},"end":{"line":10,"column":117}}],"line":10}},"s":{"0":1,"1":1,"2":1,"3":0,"4":1,"5":1},"f":{"0":1,"1":0},"b":{"0":[1,0]},"inputSourceMap":{"version":3,"file":"store.js","sourceRoot":"","sources":["store.ts"],"names":[],"mappings":"AAAA,OAAO,EAAE,eAAe,EAAE,WAAW,EAAE,MAAM,OAAO,CAAC;AACrD,OAAO,KAAK,MAAM,aAAa,CAAC;AAChC,OAAO,OAAO,MAAM,kBAAkB,CAAC;AAEvC,IAAM,2BAA2B,GAAG;IAChC,OAAO,eAAe,CAAC,KAAK,CAAC,CAAC;AAClC,CAAC,CAAC;AAEF,IAAM,0BAA0B,GAAG;IAC/B,OAAO,eAAe,CAAC,KAAK,CAAC,CAAC;AAClC,CAAC,CAAC;AAEF,IAAM,UAAU,GAAG,OAAO,CAAC,GAAG,CAAC,QAAQ,KAAK,YAAY,CAAC,CAAC,CAAC,2BAA2B,EAAE,CAAC,CAAC,CAAC,0BAA0B,EAAE,CAAC;AACxH,IAAM,KAAK,GAAG,WAAW,CAAC,OAAO,EAAE,UAAU,CAAC,CAAC;AAE/C,eAAe,KAAK,CAAC","sourcesContent":["import { applyMiddleware, createStore } from 'redux';\nimport thunk from 'redux-thunk';\nimport reducer from './reducers/index';\n\nconst createDevelopmentMiddleware = () => {\n    return applyMiddleware(thunk);\n};\n\nconst createProductionMiddleware = () => {\n    return applyMiddleware(thunk);\n};\n\nconst middleware = process.env.NODE_ENV !== 'production' ? createDevelopmentMiddleware() : createProductionMiddleware();\nconst store = createStore(reducer, middleware);\n\nexport default store;"]},"_coverageSchema":"332fd63041d2c1bcb487cc26dd0d5f7d97098a6c","hash":"87cf4a03f9426791bc7995f0e658eb5bdd04cfac"}
,"/Users/apple/react-carousel/src/actions/photos_action.ts": {"path":"/Users/apple/react-carousel/src/actions/photos_action.ts","statementMap":{"0":{"start":{"line":1,"column":12},"end":{"line":1,"column":16}},"1":{"start":{"line":5,"column":10},"end":{"line":5,"column":55}},"2":{"start":{"line":6,"column":23},"end":{"line":32,"column":1}},"3":{"start":{"line":7,"column":4},"end":{"line":31,"column":10}},"4":{"start":{"line":7,"column":33},"end":{"line":31,"column":7}},"5":{"start":{"line":9,"column":8},"end":{"line":30,"column":11}},"6":{"start":{"line":10,"column":12},"end":{"line":29,"column":13}},"7":{"start":{"line":12,"column":20},"end":{"line":12,"column":48}},"8":{"start":{"line":13,"column":20},"end":{"line":13,"column":33}},"9":{"start":{"line":15,"column":20},"end":{"line":15,"column":46}},"10":{"start":{"line":16,"column":20},"end":{"line":16,"column":60}},"11":{"start":{"line":18,"column":20},"end":{"line":18,"column":36}},"12":{"start":{"line":19,"column":20},"end":{"line":19,"column":57}},"13":{"start":{"line":20,"column":20},"end":{"line":22,"column":21}},"14":{"start":{"line":21,"column":24},"end":{"line":21,"column":36}},"15":{"start":{"line":23,"column":20},"end":{"line":23,"column":44}},"16":{"start":{"line":25,"column":20},"end":{"line":25,"column":36}},"17":{"start":{"line":26,"column":20},"end":{"line":26,"column":51}},"18":{"start":{"line":27,"column":20},"end":{"line":27,"column":44}},"19":{"start":{"line":28,"column":24},"end":{"line":28,"column":46}}},"fnMap":{"0":{"name":"(anonymous_0)","decl":{"start":{"line":6,"column":23},"end":{"line":6,"column":24}},"loc":{"start":{"line":6,"column":44},"end":{"line":32,"column":1}},"line":6},"1":{"name":"(anonymous_1)","decl":{"start":{"line":7,"column":11},"end":{"line":7,"column":12}},"loc":{"start":{"line":7,"column":31},"end":{"line":31,"column":9}},"line":7},"2":{"name":"(anonymous_2)","decl":{"start":{"line":7,"column":81},"end":{"line":7,"column":82}},"loc":{"start":{"line":7,"column":93},"end":{"line":31,"column":5}},"line":7},"3":{"name":"(anonymous_3)","decl":{"start":{"line":9,"column":41},"end":{"line":9,"column":42}},"loc":{"start":{"line":9,"column":55},"end":{"line":30,"column":9}},"line":9}},"branchMap":{"0":{"loc":{"start":{"line":10,"column":12},"end":{"line":29,"column":13}},"type":"switch","locations":[{"start":{"line":11,"column":16},"end":{"line":13,"column":33}},{"start":{"line":14,"column":16},"end":{"line":16,"column":60}},{"start":{"line":17,"column":16},"end":{"line":23,"column":44}},{"start":{"line":24,"column":16},"end":{"line":27,"column":44}},{"start":{"line":28,"column":16},"end":{"line":28,"column":46}}],"line":10},"1":{"loc":{"start":{"line":20,"column":20},"end":{"line":22,"column":21}},"type":"if","locations":[{"start":{"line":20,"column":20},"end":{"line":22,"column":21}},{"start":{"line":20,"column":20},"end":{"line":22,"column":21}}],"line":20}},"s":{"0":1,"1":1,"2":1,"3":1,"4":1,"5":1,"6":4,"7":1,"8":1,"9":1,"10":1,"11":1,"12":0,"13":0,"14":0,"15":0,"16":1,"17":1,"18":1,"19":1},"f":{"0":1,"1":1,"2":1,"3":4},"b":{"0":[1,1,1,1,1],"1":[0,0]},"inputSourceMap":{"version":3,"file":"photos_action.js","sourceRoot":"","sources":["photos_action.ts"],"names":[],"mappings":"AAAA,iBA4BC;;AAzBD,OAAO,EAAE,YAAY,EAAE,MAAM,kBAAkB,CAAC;AAEhD,OAAO,EACH,eAAe,EACf,eAAe,EACf,gBAAgB,GACnB,MAAM,6BAA6B,CAAC;AAErC,IAAM,GAAG,GAAG,6CAA6C,CAAC;AAE1D,MAAM,CAAC,IAAM,SAAS,GAAG,UAAC,SAAsB;IAC5C,OAAO,UAAO,QAAyC;;;;;oBAClD,QAAQ,CAAC,eAAe,EAAE,CAAC,CAAC;;;;oBAEb,qBAAM,YAAY,CAAC,GAAG,CAAC,EAAA;;oBAA7B,GAAG,GAAG,SAAuB;oBAClC,QAAQ,CAAC,gBAAgB,CAAC,GAAG,CAAC,IAAI,CAAC,CAAC,CAAC;oBAEtC,IAAI,SAAS,EAAE;wBACX,SAAS,EAAE,CAAC;qBACf;;;;oBAGD,QAAQ,CAAC,eAAe,CAAC,GAAC,CAAC,CAAC,CAAA;;;;;SAEnC,CAAA;AACL,CAAC,CAAA","sourcesContent":["import { Action } from 'redux';\nimport { ThunkDispatch } from 'redux-thunk';\n\nimport { apiGetPhotos } from '../utilities/api';\n\nimport {\n    getPhotosFailed,    \n    getPhotosLoaded,\n    getPhotosSuccess,\n} from './action-types/action-types';\n\nconst url = 'https://jsonplaceholder.typicode.com/photos';\n\nexport const getPhotos = (onSuccess?: () => void) => {\n    return async (dispatch: ThunkDispatch<any, any, Action>) => {\n         dispatch(getPhotosLoaded());\n        try {\n            const res = await apiGetPhotos(url);\n             dispatch(getPhotosSuccess(res.data));\n\n            if (onSuccess) {\n                onSuccess();\n            }\n            \n        } catch (e) {\n            dispatch(getPhotosFailed(e))\n        }\n    }\n}"]},"_coverageSchema":"332fd63041d2c1bcb487cc26dd0d5f7d97098a6c","hash":"ae99379034eca26bb6fa843c9d5ffdbe661ed260"}
,"/Users/apple/react-carousel/src/actions/action-types/action-types.ts": {"path":"/Users/apple/react-carousel/src/actions/action-types/action-types.ts","statementMap":{"0":{"start":{"line":1,"column":19},"end":{"line":5,"column":1}},"1":{"start":{"line":6,"column":29},"end":{"line":11,"column":5}},"2":{"start":{"line":6,"column":48},"end":{"line":11,"column":3}},"3":{"start":{"line":12,"column":29},"end":{"line":16,"column":5}},"4":{"start":{"line":12,"column":43},"end":{"line":16,"column":3}},"5":{"start":{"line":17,"column":30},"end":{"line":22,"column":5}},"6":{"start":{"line":17,"column":48},"end":{"line":22,"column":3}}},"fnMap":{"0":{"name":"(anonymous_0)","decl":{"start":{"line":6,"column":29},"end":{"line":6,"column":30}},"loc":{"start":{"line":6,"column":46},"end":{"line":11,"column":5}},"line":6},"1":{"name":"(anonymous_1)","decl":{"start":{"line":12,"column":29},"end":{"line":12,"column":30}},"loc":{"start":{"line":12,"column":41},"end":{"line":16,"column":5}},"line":12},"2":{"name":"(anonymous_2)","decl":{"start":{"line":17,"column":30},"end":{"line":17,"column":31}},"loc":{"start":{"line":17,"column":46},"end":{"line":22,"column":5}},"line":17}},"branchMap":{},"s":{"0":1,"1":1,"2":1,"3":1,"4":1,"5":1,"6":0},"f":{"0":1,"1":1,"2":0},"b":{},"inputSourceMap":{"version":3,"file":"action-types.js","sourceRoot":"","sources":["action-types.ts"],"names":[],"mappings":"AAAA,MAAM,CAAC,IAAM,KAAK,GAAG;IACjB,MAAM,EAAE,aAAa;IACrB,OAAO,EAAE,cAAc;IACvB,OAAO,EAAE,cAAc;CAC1B,CAAA;AAED,MAAM,CAAC,IAAM,eAAe,GAAG,UAAC,KAAU,IAAK,OAAA,CAAC;IAC5C,IAAI,EAAE,KAAK,CAAC,MAAM;IAClB,SAAS,EAAE,KAAK;IAChB,OAAO,EAAE,IAAI;IACb,KAAK,OAAA;CACR,CAAC,EAL6C,CAK7C,CAAC;AAEH,MAAM,CAAC,IAAM,eAAe,GAAG,cAAM,OAAA,CAAC;IAClC,IAAI,EAAE,KAAK,CAAC,OAAO;IACnB,SAAS,EAAE,IAAI;IACf,OAAO,EAAE,KAAK;CACjB,CAAC,EAJmC,CAInC,CAAC;AAEH,MAAM,CAAC,IAAM,gBAAgB,GAAG,UAAC,IAAS,IAAK,OAAA,CAAC;IAC5C,IAAI,EAAE,KAAK,CAAC,OAAO;IACnB,SAAS,EAAE,KAAK;IAChB,OAAO,EAAE,KAAK;IACd,IAAI,MAAA;CACP,CAAC,EAL6C,CAK7C,CAAC","sourcesContent":["export const TYPES = {\n    FAILED: \"LOAD_FAILED\",    \n    PENDING: \"LOAD_PENDING\",\n    SUCCESS: \"LOAD_SUCCESS\",\n}\n\nexport const getPhotosFailed = (error: any) => ({\n    type: TYPES.FAILED,\n    isLoading: false,\n    isError: true,\n    error\n});\n\nexport const getPhotosLoaded = () => ({\n    type: TYPES.PENDING,\n    isLoading: true,\n    isError: false\n});\n\nexport const getPhotosSuccess = (data: any) => ({\n    type: TYPES.SUCCESS,\n    isLoading: false,\n    isError: false,\n    data\n});"]},"_coverageSchema":"332fd63041d2c1bcb487cc26dd0d5f7d97098a6c","hash":"349a478ffd3be591ad2d5c7d09f3b28275e1fe71"}
,"/Users/apple/react-carousel/src/modules/PhotosList/Photo.tsx": {"path":"/Users/apple/react-carousel/src/modules/PhotosList/Photo.tsx","statementMap":{"0":{"start":{"line":5,"column":10},"end":{"line":5,"column":485}},"1":{"start":{"line":6,"column":21},"end":{"line":6,"column":160}},"2":{"start":{"line":8,"column":19},"end":{"line":12,"column":1}},"3":{"start":{"line":9,"column":4},"end":{"line":11,"column":100}}},"fnMap":{"0":{"name":"(anonymous_0)","decl":{"start":{"line":8,"column":19},"end":{"line":8,"column":20}},"loc":{"start":{"line":8,"column":36},"end":{"line":12,"column":1}},"line":8}},"branchMap":{"0":{"loc":{"start":{"line":5,"column":21},"end":{"line":5,"column":484}},"type":"binary-expr","locations":[{"start":{"line":5,"column":21},"end":{"line":5,"column":37}},{"start":{"line":5,"column":42},"end":{"line":5,"column":483}}],"line":5},"1":{"loc":{"start":{"line":6,"column":32},"end":{"line":6,"column":159}},"type":"binary-expr","locations":[{"start":{"line":6,"column":32},"end":{"line":6,"column":48}},{"start":{"line":6,"column":53},"end":{"line":6,"column":158}}],"line":6}},"s":{"0":1,"1":1,"2":1,"3":1},"f":{"0":1},"b":{"0":[1,1],"1":[1,1]},"inputSourceMap":{"version":3,"file":"Photo.js","sourceRoot":"","sources":["Photo.tsx"],"names":[],"mappings":";AAAA,OAAO,KAAK,KAAK,MAAM,OAAO,CAAC;AAC/B,OAAO,MAAM,MAAM,mBAAmB,CAAC;AACvC,OAAO,QAAQ,MAAM,iBAAiB,CAAC;AAEvC,IAAM,GAAG,GAAG,MAAM,CAAC,GAAG,4QAAA,iMASrB,IAAA,CAAC;AAEF,IAAM,cAAc,GAAG,MAAM,CAAC,GAAG,oGAAA,yBAEhC,IAAA,CAAC;AAOD,CAAC;AAEF,MAAM,CAAC,IAAM,KAAK,GAA0C,UAAC,KAAkB;IAC3E,OAAM,CACF,oBAAC,cAAc;QACX,oBAAC,QAAQ;YACL,oBAAC,GAAG,IAAC,EAAE,EAAE,KAAK,GAAG,KAAK,CAAC,EAAE,EAAE,GAAG,EAAE,KAAK,CAAC,YAAY,EAAE,GAAG,EAAC,EAAE,GAAG,CACtD,CACE,CACpB,CAAC;AACN,CAAC,CAAA","sourcesContent":["import * as React from 'react';\nimport styled from 'styled-components';\nimport LazyLoad from 'react-lazy-load';\n\nconst Img = styled.img`\n    display: block;\n    width: 200px;\n    height: auto;\n    padding: 10px;\n    margin: 0 auto;\n    vertical-align: middle;\n    horizontal-align: center;\n    text-align: center;    \n`;\n\nconst PhotoContainer = styled.div`\n    display: block;\n`;\n\ninterface IPhotoProps {\n    id: number;\n    thumbnailUrl: string;\n    url: string;\n    title: string;\n};\n\nexport const Photo: React.StatelessComponent<IPhotoProps> = (props: IPhotoProps) => {\n    return(\n        <PhotoContainer>\n            <LazyLoad>\n                <Img id={'img' + props.id} src={props.thumbnailUrl} alt=\"\" />\n            </LazyLoad>\n        </PhotoContainer>\n    );\n}"]},"_coverageSchema":"332fd63041d2c1bcb487cc26dd0d5f7d97098a6c","hash":"07553edeefce108122ddcc4daed747f9ec521d9e"}
,"/Users/apple/react-carousel/src/modules/PhotosList/PhotosList.tsx": {"path":"/Users/apple/react-carousel/src/modules/PhotosList/PhotosList.tsx","statementMap":{"0":{"start":{"line":11,"column":15},"end":{"line":11,"column":244}},"1":{"start":{"line":12,"column":24},"end":{"line":12,"column":291}},"2":{"start":{"line":13,"column":19},"end":{"line":13,"column":430}},"3":{"start":{"line":14,"column":20},"end":{"line":14,"column":369}},"4":{"start":{"line":15,"column":17},"end":{"line":15,"column":20}},"5":{"start":{"line":16,"column":31},"end":{"line":86,"column":12}},"6":{"start":{"line":17,"column":4},"end":{"line":17,"column":41}},"7":{"start":{"line":19,"column":20},"end":{"line":19,"column":52}},"8":{"start":{"line":20,"column":8},"end":{"line":35,"column":10}},"9":{"start":{"line":21,"column":27},"end":{"line":21,"column":65}},"10":{"start":{"line":22,"column":12},"end":{"line":33,"column":13}},"11":{"start":{"line":23,"column":16},"end":{"line":23,"column":25}},"12":{"start":{"line":25,"column":17},"end":{"line":33,"column":13}},"13":{"start":{"line":26,"column":16},"end":{"line":26,"column":25}},"14":{"start":{"line":28,"column":17},"end":{"line":33,"column":13}},"15":{"start":{"line":29,"column":16},"end":{"line":29,"column":25}},"16":{"start":{"line":31,"column":17},"end":{"line":33,"column":13}},"17":{"start":{"line":32,"column":16},"end":{"line":32,"column":25}},"18":{"start":{"line":34,"column":12},"end":{"line":34,"column":21}},"19":{"start":{"line":36,"column":8},"end":{"line":43,"column":10}},"20":{"start":{"line":37,"column":12},"end":{"line":42,"column":13}},"21":{"start":{"line":38,"column":16},"end":{"line":41,"column":19}},"22":{"start":{"line":39,"column":20},"end":{"line":39,"column":77}},"23":{"start":{"line":40,"column":20},"end":{"line":40,"column":50}},"24":{"start":{"line":44,"column":8},"end":{"line":52,"column":10}},"25":{"start":{"line":45,"column":12},"end":{"line":45,"column":31}},"26":{"start":{"line":46,"column":12},"end":{"line":51,"column":13}},"27":{"start":{"line":47,"column":16},"end":{"line":50,"column":19}},"28":{"start":{"line":48,"column":20},"end":{"line":48,"column":77}},"29":{"start":{"line":49,"column":20},"end":{"line":49,"column":50}},"30":{"start":{"line":53,"column":8},"end":{"line":57,"column":10}},"31":{"start":{"line":58,"column":8},"end":{"line":58,"column":21}},"32":{"start":{"line":60,"column":4},"end":{"line":66,"column":6}},"33":{"start":{"line":61,"column":20},"end":{"line":61,"column":24}},"34":{"start":{"line":62,"column":8},"end":{"line":62,"column":31}},"35":{"start":{"line":63,"column":8},"end":{"line":65,"column":11}},"36":{"start":{"line":64,"column":12},"end":{"line":64,"column":64}},"37":{"start":{"line":67,"column":4},"end":{"line":84,"column":6}},"38":{"start":{"line":68,"column":8},"end":{"line":70,"column":9}},"39":{"start":{"line":69,"column":12},"end":{"line":69,"column":53}},"40":{"start":{"line":71,"column":30},"end":{"line":71,"column":178}},"41":{"start":{"line":72,"column":21},"end":{"line":75,"column":10}},"42":{"start":{"line":73,"column":12},"end":{"line":74,"column":141}},"43":{"start":{"line":76,"column":8},"end":{"line":83,"column":120}},"44":{"start":{"line":85,"column":4},"end":{"line":85,"column":21}},"45":{"start":{"line":87,"column":22},"end":{"line":98,"column":1}},"46":{"start":{"line":88,"column":20},"end":{"line":88,"column":22}},"47":{"start":{"line":89,"column":4},"end":{"line":93,"column":5}},"48":{"start":{"line":90,"column":8},"end":{"line":92,"column":9}},"49":{"start":{"line":91,"column":12},"end":{"line":91,"column":47}},"50":{"start":{"line":94,"column":4},"end":{"line":97,"column":7}},"51":{"start":{"line":99,"column":25},"end":{"line":101,"column":5}},"52":{"start":{"line":99,"column":47},"end":{"line":101,"column":3}},"53":{"start":{"line":100,"column":38},"end":{"line":100,"column":76}},"54":{"start":{"line":102,"column":24},"end":{"line":102,"column":79}}},"fnMap":{"0":{"name":"(anonymous_0)","decl":{"start":{"line":16,"column":31},"end":{"line":16,"column":32}},"loc":{"start":{"line":16,"column":49},"end":{"line":86,"column":1}},"line":16},"1":{"name":"PhotoList","decl":{"start":{"line":18,"column":13},"end":{"line":18,"column":22}},"loc":{"start":{"line":18,"column":30},"end":{"line":59,"column":5}},"line":18},"2":{"name":"(anonymous_2)","decl":{"start":{"line":20,"column":29},"end":{"line":20,"column":30}},"loc":{"start":{"line":20,"column":41},"end":{"line":35,"column":9}},"line":20},"3":{"name":"(anonymous_3)","decl":{"start":{"line":36,"column":23},"end":{"line":36,"column":24}},"loc":{"start":{"line":36,"column":36},"end":{"line":43,"column":9}},"line":36},"4":{"name":"(anonymous_4)","decl":{"start":{"line":38,"column":50},"end":{"line":38,"column":51}},"loc":{"start":{"line":38,"column":62},"end":{"line":41,"column":17}},"line":38},"5":{"name":"(anonymous_5)","decl":{"start":{"line":44,"column":27},"end":{"line":44,"column":28}},"loc":{"start":{"line":44,"column":40},"end":{"line":52,"column":9}},"line":44},"6":{"name":"(anonymous_6)","decl":{"start":{"line":47,"column":50},"end":{"line":47,"column":51}},"loc":{"start":{"line":47,"column":62},"end":{"line":50,"column":17}},"line":47},"7":{"name":"(anonymous_7)","decl":{"start":{"line":60,"column":44},"end":{"line":60,"column":45}},"loc":{"start":{"line":60,"column":56},"end":{"line":66,"column":5}},"line":60},"8":{"name":"(anonymous_8)","decl":{"start":{"line":63,"column":25},"end":{"line":63,"column":26}},"loc":{"start":{"line":63,"column":37},"end":{"line":65,"column":9}},"line":63},"9":{"name":"(anonymous_9)","decl":{"start":{"line":67,"column":33},"end":{"line":67,"column":34}},"loc":{"start":{"line":67,"column":45},"end":{"line":84,"column":5}},"line":67},"10":{"name":"(anonymous_10)","decl":{"start":{"line":72,"column":41},"end":{"line":72,"column":42}},"loc":{"start":{"line":72,"column":65},"end":{"line":75,"column":9}},"line":72},"11":{"name":"(anonymous_11)","decl":{"start":{"line":87,"column":22},"end":{"line":87,"column":23}},"loc":{"start":{"line":87,"column":39},"end":{"line":98,"column":1}},"line":87},"12":{"name":"(anonymous_12)","decl":{"start":{"line":99,"column":25},"end":{"line":99,"column":26}},"loc":{"start":{"line":99,"column":45},"end":{"line":101,"column":5}},"line":99},"13":{"name":"(anonymous_13)","decl":{"start":{"line":100,"column":15},"end":{"line":100,"column":16}},"loc":{"start":{"line":100,"column":36},"end":{"line":100,"column":78}},"line":100}},"branchMap":{"0":{"loc":{"start":{"line":11,"column":26},"end":{"line":11,"column":243}},"type":"binary-expr","locations":[{"start":{"line":11,"column":26},"end":{"line":11,"column":42}},{"start":{"line":11,"column":47},"end":{"line":11,"column":242}}],"line":11},"1":{"loc":{"start":{"line":12,"column":35},"end":{"line":12,"column":290}},"type":"binary-expr","locations":[{"start":{"line":12,"column":35},"end":{"line":12,"column":51}},{"start":{"line":12,"column":56},"end":{"line":12,"column":289}}],"line":12},"2":{"loc":{"start":{"line":13,"column":30},"end":{"line":13,"column":429}},"type":"binary-expr","locations":[{"start":{"line":13,"column":30},"end":{"line":13,"column":46}},{"start":{"line":13,"column":51},"end":{"line":13,"column":428}}],"line":13},"3":{"loc":{"start":{"line":14,"column":31},"end":{"line":14,"column":368}},"type":"binary-expr","locations":[{"start":{"line":14,"column":31},"end":{"line":14,"column":47}},{"start":{"line":14,"column":52},"end":{"line":14,"column":367}}],"line":14},"4":{"loc":{"start":{"line":19,"column":20},"end":{"line":19,"column":52}},"type":"binary-expr","locations":[{"start":{"line":19,"column":20},"end":{"line":19,"column":44}},{"start":{"line":19,"column":48},"end":{"line":19,"column":52}}],"line":19},"5":{"loc":{"start":{"line":22,"column":12},"end":{"line":33,"column":13}},"type":"if","locations":[{"start":{"line":22,"column":12},"end":{"line":33,"column":13}},{"start":{"line":22,"column":12},"end":{"line":33,"column":13}}],"line":22},"6":{"loc":{"start":{"line":25,"column":17},"end":{"line":33,"column":13}},"type":"if","locations":[{"start":{"line":25,"column":17},"end":{"line":33,"column":13}},{"start":{"line":25,"column":17},"end":{"line":33,"column":13}}],"line":25},"7":{"loc":{"start":{"line":28,"column":17},"end":{"line":33,"column":13}},"type":"if","locations":[{"start":{"line":28,"column":17},"end":{"line":33,"column":13}},{"start":{"line":28,"column":17},"end":{"line":33,"column":13}}],"line":28},"8":{"loc":{"start":{"line":31,"column":17},"end":{"line":33,"column":13}},"type":"if","locations":[{"start":{"line":31,"column":17},"end":{"line":33,"column":13}},{"start":{"line":31,"column":17},"end":{"line":33,"column":13}}],"line":31},"9":{"loc":{"start":{"line":37,"column":12},"end":{"line":42,"column":13}},"type":"if","locations":[{"start":{"line":37,"column":12},"end":{"line":42,"column":13}},{"start":{"line":37,"column":12},"end":{"line":42,"column":13}}],"line":37},"10":{"loc":{"start":{"line":46,"column":12},"end":{"line":51,"column":13}},"type":"if","locations":[{"start":{"line":46,"column":12},"end":{"line":51,"column":13}},{"start":{"line":46,"column":12},"end":{"line":51,"column":13}}],"line":46},"11":{"loc":{"start":{"line":68,"column":8},"end":{"line":70,"column":9}},"type":"if","locations":[{"start":{"line":68,"column":8},"end":{"line":70,"column":9}},{"start":{"line":68,"column":8},"end":{"line":70,"column":9}}],"line":68},"12":{"loc":{"start":{"line":77,"column":12},"end":{"line":77,"column":120}},"type":"binary-expr","locations":[{"start":{"line":77,"column":12},"end":{"line":77,"column":38}},{"start":{"line":77,"column":42},"end":{"line":77,"column":120}}],"line":77},"13":{"loc":{"start":{"line":79,"column":12},"end":{"line":82,"column":104}},"type":"binary-expr","locations":[{"start":{"line":79,"column":12},"end":{"line":79,"column":38}},{"start":{"line":79,"column":42},"end":{"line":82,"column":104}}],"line":79},"14":{"loc":{"start":{"line":83,"column":12},"end":{"line":83,"column":117}},"type":"binary-expr","locations":[{"start":{"line":83,"column":12},"end":{"line":83,"column":38}},{"start":{"line":83,"column":42},"end":{"line":83,"column":117}}],"line":83},"15":{"loc":{"start":{"line":90,"column":8},"end":{"line":92,"column":9}},"type":"if","locations":[{"start":{"line":90,"column":8},"end":{"line":92,"column":9}},{"start":{"line":90,"column":8},"end":{"line":92,"column":9}}],"line":90},"16":{"loc":{"start":{"line":90,"column":12},"end":{"line":90,"column":70}},"type":"binary-expr","locations":[{"start":{"line":90,"column":12},"end":{"line":90,"column":30}},{"start":{"line":90,"column":34},"end":{"line":90,"column":70}}],"line":90}},"s":{"0":1,"1":1,"2":1,"3":1,"4":1,"5":1,"6":1,"7":1,"8":1,"9":1,"10":1,"11":0,"12":1,"13":0,"14":1,"15":0,"16":1,"17":0,"18":1,"19":1,"20":0,"21":0,"22":0,"23":0,"24":1,"25":0,"26":0,"27":0,"28":0,"29":0,"30":1,"31":1,"32":1,"33":1,"34":1,"35":1,"36":0,"37":1,"38":2,"39":1,"40":1,"41":1,"42":1,"43":1,"44":1,"45":1,"46":2,"47":2,"48":8,"49":2,"50":2,"51":1,"52":1,"53":1,"54":1},"f":{"0":1,"1":1,"2":1,"3":0,"4":0,"5":0,"6":0,"7":1,"8":0,"9":2,"10":1,"11":2,"12":1,"13":1},"b":{"0":[1,1],"1":[1,1],"2":[1,1],"3":[1,1],"4":[1,1],"5":[0,1],"6":[0,1],"7":[0,1],"8":[0,1],"9":[0,0],"10":[0,0],"11":[1,1],"12":[1,1],"13":[1,0],"14":[1,1],"15":[2,6],"16":[8,3]},"inputSourceMap":{"version":3,"file":"PhotosList.js","sourceRoot":"","sources":["PhotosList.tsx"],"names":[],"mappings":";AAAA,OAAO,KAAK,EAAE,EAAE,SAAS,EAAE,MAAM,OAAO,CAAC;AACzC,OAAO,EAAE,OAAO,EAAE,MAAM,aAAa,CAAC;AAEtC,OAAO,MAAM,MAAM,mBAAmB,CAAC;AAGvC,OAAO,EAAC,KAAK,EAAC,MAAM,SAAS,CAAC;AAC9B,OAAO,cAAc,CAAC;AAEtB,OAAO,EAAE,SAAS,EAAE,MAAM,6BAA6B,CAAC;AAExD,OAAO,EAAE,MAAM,EAAE,MAAM,wBAAwB,CAAA;AAC/C,OAAO,QAAQ,MAAM,aAAa,CAAC;AACnC,OAAO,CAAC,MAAM,QAAQ,CAAC;AAwBvB,IAAM,QAAQ,GAAG,MAAM,CAAC,GAAG,iJAAA,sEAI1B,IAAA,CAAC;AAEF,IAAM,iBAAiB,GAAG,MAAM,CAAC,GAAG,oKAAA,yFAInC,IAAA,CAAC;AAGF,IAAM,YAAY,GAAG,MAAM,CAAC,GAAG,4OAAA,iKAO9B,IAAA,CAAC;AAEF,IAAM,aAAa,GAAG,MAAM,CAAC,GAAG,6MAAA,kIAM/B,IAAA,CAAC;AAEF,IAAM,UAAU,GAAG,GAAG,CAAC;AAEvB;IAAwB,qCAAyB;IAE7C,mBAAY,KAAW;QAAvB,YACI,kBAAM,KAAK,CAAC,SAMf;QASD,kBAAY,GAAG;YACX,IAAM,QAAQ,GAAG,QAAQ,CAAC,IAAI,CAAC,WAAW,GAAG,UAAU,CAAC;YACxD,IAAG,QAAQ,GAAG,EAAE,EAAC;gBACb,OAAO,CAAC,CAAC;aACZ;iBAAK,IAAG,QAAQ,GAAG,CAAC,EAAC;gBAClB,OAAO,CAAC,CAAC;aACZ;iBAAK,IAAG,QAAQ,GAAG,CAAC,EAAC;gBAClB,OAAO,CAAC,CAAC;aACZ;iBAAK,IAAG,QAAQ,GAAG,CAAC,EAAC;gBAClB,OAAO,CAAC,CAAC;aACZ;YACD,OAAO,CAAC,CAAC;QACb,CAAC,CAAA;QAED,YAAM,GAAG,UAAC,CAAM;YAEZ,IAAG,CAAC,KAAI,CAAC,KAAK,CAAC,SAAS,GAAG,CAAC,CAAC,GAAG,KAAI,CAAC,KAAK,CAAC,SAAS,GAAG,KAAI,CAAC,KAAK,CAAC,MAAM,CAAC,MAAM,EAAC;gBAC5E,CAAC,CAAC,iBAAiB,CAAC,CAAC,OAAO,CAAE,GAAG,EAAE;oBAC/B,KAAI,CAAC,QAAQ,CAAC,EAAE,SAAS,EAAE,KAAI,CAAC,KAAK,CAAC,SAAS,GAAG,CAAC,EAAC,CAAC,CAAC;oBACtD,CAAC,CAAC,iBAAiB,CAAC,CAAC,MAAM,EAAE,CAAC;gBAClC,CAAC,CAAC,CAAC;aACN;QACL,CAAC,CAAA;QAED,gBAAU,GAAG,UAAC,CAAM;YAChB,CAAC,CAAC,cAAc,EAAE,CAAC;YACnB,IAAG,KAAI,CAAC,KAAK,CAAC,SAAS,GAAG,CAAC,EAAC;gBACxB,CAAC,CAAC,iBAAiB,CAAC,CAAC,OAAO,CAAE,GAAG,EAAE;oBAC/B,KAAI,CAAC,QAAQ,CAAC,EAAE,SAAS,EAAE,KAAI,CAAC,KAAK,CAAC,SAAS,GAAG,CAAC,EAAC,CAAC,CAAC;oBACtD,CAAC,CAAC,iBAAiB,CAAC,CAAC,MAAM,EAAE,CAAC;gBAClC,CAAC,CAAC,CAAC;aACN;QACL,CAAC,CAAA;QA9CG,KAAI,CAAC,KAAK,GAAG;YACT,SAAS,EAAE,CAAC;YACZ,SAAS,EAAE,KAAK;YAChB,SAAS,EAAE,KAAI,CAAC,YAAY,EAAE;SACjC,CAAC;;IACN,CAAC;IACD,qCAAiB,GAAjB;QAAA,iBAMC;QALG,IAAI,CAAC,KAAK,CAAC,SAAS,EAAE,CAAC;QAEvB,CAAC,CAAE,MAAM,CAAE,CAAC,MAAM,CAAC;YACf,KAAI,CAAC,QAAQ,CAAC,EAAC,SAAS,EAAE,KAAI,CAAC,YAAY,EAAE,EAAC,CAAC,CAAA;QACnD,CAAC,CAAC,CAAC;IACP,CAAC;IAoCD,0BAAM,GAAN;QAEI,IAAG,IAAI,CAAC,KAAK,CAAC,SAAS,EAAC;YACpB,OAAO,oBAAC,MAAM,OAAG,CAAC;SACrB;QAED,IAAM,eAAe,GAAG,IAAI,CAAC,KAAK,CAAC,MAAM,CAAC,KAAK,CAAC,CAAC,IAAI,CAAC,KAAK,CAAC,SAAS,GAAG,CAAC,CAAC,GAAG,IAAI,CAAC,KAAK,CAAC,SAAS,GAAG,IAAI,CAAC,KAAK,CAAC,SAAS,EAAE,CAAC,IAAI,CAAC,KAAK,CAAC,SAAS,GAAG,CAAC,CAAC,GAAG,IAAI,CAAC,KAAK,CAAC,SAAS,CAAC,CAAC;QAE7K,IAAM,MAAM,GAAG,eAAe,CAAC,GAAG,CAAC,UAAC,KAAa,EAAE,KAAa;YACxD,OAAO,oBAAC,QAAQ,IAAC,GAAG,EAAE,KAAK;gBAAG,oBAAC,KAAK,IACpC,GAAG,EAAE,KAAK,EACV,EAAE,EAAE,KAAK,EACT,KAAK,EAAE,KAAK,CAAC,KAAK,EAClB,YAAY,EAAE,KAAK,CAAC,YAAY,EAChC,GAAG,EAAE,KAAK,CAAC,GAAG,GAChB,CAAW,CAAA;QACjB,CAAC,CAAC,CAAC;QAEH,OAAO,CACH,oBAAC,iBAAiB;YACZ,IAAI,CAAC,KAAK,CAAC,SAAS,KAAK,CAAC,IAAI,oBAAC,YAAY,IAAC,GAAG,EAAE,QAAQ,EAAE,OAAO,EAAE,IAAI,CAAC,UAAU,GAAG;YACxF,6BAAK,EAAE,EAAC,gBAAgB,IACnB,MAAM,CACL;YACJ,IAAI,CAAC,KAAK,CAAC,SAAS,KAAK,CAAC,IAAI;gBAC5B,gCAAQ,SAAS,EAAC,WAAW,EAAC,OAAO,EAAE,IAAI,CAAC,UAAU,WAAe;;gBACrE,gCAAQ,SAAS,EAAC,WAAW,EAAC,OAAO,EAAE,IAAI,CAAC,MAAM,WAAe,CAC/D;YACJ,IAAI,CAAC,KAAK,CAAC,SAAS,KAAK,CAAC,IAAI,oBAAC,aAAa,IAAC,GAAG,EAAE,QAAQ,EAAE,OAAO,EAAE,IAAI,CAAC,MAAM,GAAG,CACrE,CAAC,CAAA;IAC7B,CAAC;IACL,gBAAC;AAAD,CAAC,AAnFD,CAAwB,SAAS,GAmFhC;AAED,IAAM,eAAe,GAAG,UAAC,KAAa;IAElC,IAAM,SAAS,GAAG,EAAE,CAAC;IACrB,KAAK,IAAM,IAAI,IAAI,KAAK,CAAC,MAAM,EAAE;QAC7B,IAAI,KAAK,CAAC,MAAM,CAAC,IAAI,CAAC,IAAI,KAAK,CAAC,MAAM,CAAC,IAAI,CAAC,YAAY,MAAM,EAAE;YAC5D,SAAS,CAAC,IAAI,CAAC,KAAK,CAAC,MAAM,CAAC,IAAI,CAAC,CAAC,CAAA;SACrC;KACJ;IAED,OAAO,CAAC;QACJ,MAAM,EAAE,SAAS;QACjB,SAAS,EAAE,KAAK,CAAC,MAAM,CAAC,SAAS;KACpC,CAAC,CAAA;AACN,CAAC,CAAC;AAEF,IAAM,kBAAkB,GAAG,UAAC,QAAyC,IAA0B,OAAA,CAAC;IAC5F,SAAS,EAAE,UAAC,SAAe,IAAK,OAAA,QAAQ,CAAC,SAAS,CAAC,SAAS,CAAC,CAAC,EAA9B,CAA8B;CACjE,CAAC,EAF6F,CAE7F,CAAC;AAEH,MAAM,CAAC,IAAM,UAAU,GAAG,OAAO,CAAC,eAAe,EAAE,kBAAkB,CAAC,CAAC,SAAS,CAAC,CAAC","sourcesContent":["import React, { Component } from 'react';\nimport { connect } from 'react-redux';\nimport { Action } from 'redux';\nimport styled from 'styled-components';\nimport { ThunkDispatch } from 'redux-thunk';\n\nimport {Photo} from './Photo';\nimport './photos.css';\nimport { IPhoto } from '../../reducers/photos/models';\nimport { getPhotos } from '../../actions/photos_action';\nimport { IStore } from '../../reducers/index';\nimport { Loader } from '../../utilities/Loader'\nimport ArrowSVG from './arrow.svg';\nimport $ from 'jquery';\n\ninterface IProps{\n    photos: IPhoto[];\n    isLoading: boolean;\n}\n\ninterface IState{\n    isVisible: boolean,\n    pageIndex: number,\n    numPhotos: number\n}\n\ninterface IMapStateToProps {\n    photos: IPhoto[];\n    isLoading: boolean;\n}\n\ninterface IMapDispatchToProps {\n    getPhotos: (onSuccess?: any) => Promise<void>;\n}\n\ninterface IProps extends IMapStateToProps, IMapDispatchToProps {}\n\nconst SSection = styled.div`\n    width: 200px;\n    padding: 0px;\n    display: inline-block;\n`;\n\nconst SSectionContainer = styled.div`\n    position: absolute;\n    vertical-align: middle;\n    horizontal-align: center;\n`;\n\n\nconst ImgArrowLeft = styled.img`\n    transform: rotate(180deg);\n    float: left;\n    cursor: pointer;\n    vertical-align: middle;\n    horizontal-align: center;\n    text-align: center;\n`;\n\nconst ImgArrowRight = styled.img`\n    float: right;\n    cursor: pointer;\n    vertical-align: middle;\n    horizontal-align: center;\n    text-align: center;\n`;\n\nconst imageWidth = 120;\n\nclass PhotoList extends Component<IProps, IState>{\n\n    constructor(props?: any){\n        super(props);\n        this.state = {\n            pageIndex: 0,\n            isVisible: false,\n            numPhotos: this.getNumPhotos()\n        };\n    }\n    componentDidMount(){\n        this.props.getPhotos();\n\n        $( window ).resize(() => {\n            this.setState({numPhotos: this.getNumPhotos()})\n        });\n    }\n\n    getNumPhotos = () => {\n        const numItems = document.body.offsetWidth / imageWidth;\n        if(numItems > 10){\n            return 5;\n        }else if(numItems > 8){\n            return 4;\n        }else if(numItems > 7){\n            return 3;\n        }else if(numItems > 5){\n            return 2;\n        }\n        return 1;\n    }\n\n    onNext = (e: any) =>{\n\n        if((this.state.pageIndex + 1) * this.state.numPhotos < this.props.photos.length){\n            $(\"#photoContainer\").fadeOut( 600, () => {\n                this.setState({ pageIndex: this.state.pageIndex + 1});\n                $(\"#photoContainer\").fadeIn();  \n            });\n        }\n    }\n\n    onPrevious = (e: any) => {\n        e.preventDefault();\n        if(this.state.pageIndex > 0){\n            $(\"#photoContainer\").fadeOut( 600, () => {\n                this.setState({ pageIndex: this.state.pageIndex - 1});\n                $(\"#photoContainer\").fadeIn();  \n            });\n        }\n    }\n\n    render(){\n\n        if(this.props.isLoading){\n            return <Loader />;\n        }\n\n        const photosToDisplay = this.props.photos.slice((this.state.pageIndex + 1) * this.state.numPhotos - this.state.numPhotos, (this.state.pageIndex + 1) * this.state.numPhotos);\n\n        const photos = photosToDisplay.map((photo: IPhoto, index: number) => {\n                return <SSection key={index} ><Photo\n                key={index}\n                id={index} \n                title={photo.title}\n                thumbnailUrl={photo.thumbnailUrl}\n                url={photo.url}\n            /></SSection>\n        });\n\n        return (\n            <SSectionContainer>\n                { this.state.numPhotos === 1 && <ImgArrowLeft src={ArrowSVG} onClick={this.onPrevious}/> }\n                <div id=\"photoContainer\">\n                    {photos}\n                </div>\n                { this.state.numPhotos !== 1 && <div>\n                    <button className=\"prev-next\" onClick={this.onPrevious}>Prev</button>&nbsp;&nbsp;&nbsp;\n                    <button className=\"prev-next\" onClick={this.onNext}>Next</button>\n                </div> }\n                { this.state.numPhotos === 1 && <ImgArrowRight src={ArrowSVG} onClick={this.onNext}/> }\n            </SSectionContainer>)\n    }\n}\n\nconst mapStateToProps = (state: IStore): IMapStateToProps => { \n    \n    const photosArr = [];  \n    for (const item in state.photos) {   \n        if (state.photos[item] && state.photos[item] instanceof Object) {\n            photosArr.push(state.photos[item])\n        }\n    }\n    \n    return ({\n        photos: photosArr,\n        isLoading: state.photos.isLoading \n    })\n};\n\nconst mapDispatchToProps = (dispatch: ThunkDispatch<any, any, Action>): IMapDispatchToProps => ({\n    getPhotos: (onSuccess?: any) => dispatch(getPhotos(onSuccess)),\n});\n\nexport const PhotosList = connect(mapStateToProps, mapDispatchToProps)(PhotoList);\n"]},"_coverageSchema":"332fd63041d2c1bcb487cc26dd0d5f7d97098a6c","hash":"2a45ac53fe207d1f18a3bc2a1cb70050361712c5"}
,"/Users/apple/react-carousel/src/reducers/index.ts": {"path":"/Users/apple/react-carousel/src/reducers/index.ts","statementMap":{},"fnMap":{},"branchMap":{},"s":{},"f":{},"b":{},"inputSourceMap":{"version":3,"file":"index.js","sourceRoot":"","sources":["index.ts"],"names":[],"mappings":"AAAA,OAAO,EAAE,eAAe,EAAE,MAAM,OAAO,CAAC;AACxC,OAAO,EAAE,OAAO,IAAI,MAAM,EAAqB,MAAM,oBAAoB,CAAC;AAO1E,eAAe,eAAe,CAAC;IAC3B,MAAM,QAAA;CACT,CAAC,CAAC","sourcesContent":["import { combineReducers } from 'redux';\nimport { reducer as photos, IPhotosStoreState } from '../reducers/photos';\n\nexport interface IStore {\n    readonly photos: IPhotosStoreState;\n    isVisible: boolean;\n}\n\nexport default combineReducers({\n    photos\n});"]},"_coverageSchema":"332fd63041d2c1bcb487cc26dd0d5f7d97098a6c","hash":"17f25fb46bcbfbe14b46ce99e41171e479cf2c00"}
,"/Users/apple/react-carousel/src/reducers/photos/index.ts": {"path":"/Users/apple/react-carousel/src/reducers/photos/index.ts","statementMap":{"0":{"start":{"line":3,"column":19},"end":{"line":15,"column":1}},"1":{"start":{"line":16,"column":21},"end":{"line":28,"column":1}},"2":{"start":{"line":17,"column":4},"end":{"line":17,"column":51}},"3":{"start":{"line":17,"column":28},"end":{"line":17,"column":49}},"4":{"start":{"line":18,"column":4},"end":{"line":27,"column":5}},"5":{"start":{"line":20,"column":12},"end":{"line":20,"column":105}},"6":{"start":{"line":22,"column":12},"end":{"line":22,"column":118}},"7":{"start":{"line":24,"column":12},"end":{"line":24,"column":97}},"8":{"start":{"line":26,"column":12},"end":{"line":26,"column":25}}},"fnMap":{"0":{"name":"(anonymous_0)","decl":{"start":{"line":16,"column":21},"end":{"line":16,"column":22}},"loc":{"start":{"line":16,"column":46},"end":{"line":28,"column":1}},"line":16}},"branchMap":{"0":{"loc":{"start":{"line":17,"column":4},"end":{"line":17,"column":51}},"type":"if","locations":[{"start":{"line":17,"column":4},"end":{"line":17,"column":51}},{"start":{"line":17,"column":4},"end":{"line":17,"column":51}}],"line":17},"1":{"loc":{"start":{"line":18,"column":4},"end":{"line":27,"column":5}},"type":"switch","locations":[{"start":{"line":19,"column":8},"end":{"line":20,"column":105}},{"start":{"line":21,"column":8},"end":{"line":22,"column":118}},{"start":{"line":23,"column":8},"end":{"line":24,"column":97}},{"start":{"line":25,"column":8},"end":{"line":26,"column":25}}],"line":18}},"s":{"0":1,"1":1,"2":5,"3":3,"4":5,"5":1,"6":0,"7":1,"8":3},"f":{"0":5},"b":{"0":[3,2],"1":[1,0,1,3]},"inputSourceMap":{"version":3,"file":"index.js","sourceRoot":"","sources":["index.ts"],"names":[],"mappings":";AACA,OAAO,EAAE,KAAK,EAAE,MAAM,yCAAyC,CAAC;AAUhE,IAAM,YAAY,GAAsB;IACpC,KAAK,EAAE;QACH;YACI,EAAE,EAAE,CAAC;YACL,KAAK,EAAE,EAAE;YACT,GAAG,EAAE,EAAE;YACP,YAAY,EAAE,EAAE;SACnB;KACJ;IACD,SAAS,EAAE,KAAK;IAChB,OAAO,EAAE,KAAK;IACd,KAAK,EAAE,IAAI;CACd,CAAC;AAEF,MAAM,CAAC,IAAM,OAAO,GAAG,UAAC,KAAuC,EAAE,MAAe;IAAxD,sBAAA,EAAA,oBAAuC;IAC3D,QAAQ,MAAM,CAAC,IAAI,EAAE;QACjB,KAAK,KAAK,CAAC,OAAO;YACd,4BACO,KAAK,IACR,SAAS,EAAE,MAAM,CAAC,SAAS,EAC3B,OAAO,EAAE,MAAM,CAAC,OAAO,IACzB;QACN,KAAK,KAAK,CAAC,OAAO;YACd,4BACO,KAAK,EACL,MAAM,CAAC,IAAI,IACd,SAAS,EAAE,MAAM,CAAC,SAAS,EAC3B,OAAO,EAAE,MAAM,CAAC,OAAO,IACzB;QACN,KAAK,KAAK,CAAC,MAAM;YACb,4BACO,KAAK,IACR,OAAO,EAAE,MAAM,CAAC,OAAO,EACvB,KAAK,EAAE,MAAM,CAAC,KAAK,IACrB;QACN;YACI,OAAO,KAAK,CAAC;KACpB;AACL,CAAC,CAAC","sourcesContent":["import { IPhoto } from './models';\nimport { TYPES } from '../../actions/action-types/action-types';\nimport { IAction } from '../../reducers/photos/models';\n \nexport interface IPhotosStoreState {\n    photo: IPhoto[],\n    isLoading: boolean;\n    isError: boolean;\n    error: any;\n}\n\nconst defaultState: IPhotosStoreState = {\n    photo: [\n        {\n            id: 0,\n            title: '',\n            url: '',\n            thumbnailUrl: ''\n        }\n    ],\n    isLoading: false,\n    isError: false,\n    error: null,\n};\n\nexport const reducer = (state: IPhotosStoreState = defaultState, action: IAction): IPhotosStoreState => {\n    switch (action.type) {\n        case TYPES.PENDING:\n            return {\n                ...state,\n                isLoading: action.isLoading,\n                isError: action.isError\n            };\n        case TYPES.SUCCESS:\n            return {\n                ...state,\n                ...action.data,\n                isLoading: action.isLoading,\n                isError: action.isError\n            };\n        case TYPES.FAILED:\n            return {\n                ...state,\n                isError: action.isError,\n                error: action.error\n            };\n        default:\n            return state;\n    }\n};\n"]},"_coverageSchema":"332fd63041d2c1bcb487cc26dd0d5f7d97098a6c","hash":"4fc0a209fb93bcd5f469ff39d58c569648d46a24"}
,"/Users/apple/react-carousel/src/reducers/photos/models.ts": {"path":"/Users/apple/react-carousel/src/reducers/photos/models.ts","statementMap":{"0":{"start":{"line":1,"column":13},"end":{"line":1,"column":974}},"1":{"start":{"line":1,"column":974},"end":{"line":1,"column":987}}},"fnMap":{},"branchMap":{},"s":{"0":0,"1":0},"f":{},"b":{}}
,"/Users/apple/react-carousel/src/utilities/Loader.tsx": {"path":"/Users/apple/react-carousel/src/utilities/Loader.tsx","statementMap":{"0":{"start":{"line":5,"column":15},"end":{"line":5,"column":528}},"1":{"start":{"line":6,"column":20},"end":{"line":7,"column":54}},"2":{"start":{"line":6,"column":34},"end":{"line":7,"column":52}}},"fnMap":{"0":{"name":"(anonymous_0)","decl":{"start":{"line":6,"column":20},"end":{"line":6,"column":21}},"loc":{"start":{"line":6,"column":32},"end":{"line":7,"column":54}},"line":6}},"branchMap":{"0":{"loc":{"start":{"line":5,"column":26},"end":{"line":5,"column":527}},"type":"binary-expr","locations":[{"start":{"line":5,"column":26},"end":{"line":5,"column":42}},{"start":{"line":5,"column":47},"end":{"line":5,"column":526}}],"line":5}},"s":{"0":1,"1":1,"2":1},"f":{"0":1},"b":{"0":[1,1]},"inputSourceMap":{"version":3,"file":"Loader.js","sourceRoot":"","sources":["Loader.tsx"],"names":[],"mappings":";AAAA,OAAO,KAAK,KAAK,MAAM,OAAO,CAAC;AAC/B,OAAO,MAAM,MAAM,mBAAmB,CAAC;AACvC,OAAO,cAAc,CAAC;AAEtB,IAAM,QAAQ,GAAQ,MAAM,CAAC,GAAG,+RAAA,oNAU/B,IAAA,CAAC;AAEF,MAAM,CAAC,IAAM,MAAM,GAA6B,cAAM,OAAA,CAClD,oBAAC,QAAQ;IACL,6BAAK,EAAE,EAAC,SAAS,GAAG,CACb,CACd,EAJqD,CAIrD,CAAC","sourcesContent":["import * as React from 'react';\nimport styled from 'styled-components';\nimport '../index.css';\n\nconst SWrapper: any = styled.div`\n    width: 100%;\n    height: 100%;\n    display: flex;\n    justify-content: center;\n    align-items: center;\n    position: absolute;\n    top: 0;\n    left: 0;\n    background: rgba(255, 255, 255, 0.7);\n`;\n\nexport const Loader: React.StatelessComponent = () => (\n    <SWrapper>\n        <div id=\"loading\" />\n    </SWrapper>\n);"]},"_coverageSchema":"332fd63041d2c1bcb487cc26dd0d5f7d97098a6c","hash":"8c43a80bec81f74b6c5fafa6db5f4aa5a1722b28"}
,"/Users/apple/react-carousel/src/utilities/api.ts": {"path":"/Users/apple/react-carousel/src/utilities/api.ts","statementMap":{"0":{"start":{"line":2,"column":26},"end":{"line":4,"column":1}},"1":{"start":{"line":3,"column":4},"end":{"line":3,"column":26}},"2":{"start":{"line":5,"column":27},"end":{"line":7,"column":1}},"3":{"start":{"line":6,"column":4},"end":{"line":6,"column":33}}},"fnMap":{"0":{"name":"(anonymous_0)","decl":{"start":{"line":2,"column":26},"end":{"line":2,"column":27}},"loc":{"start":{"line":2,"column":41},"end":{"line":4,"column":1}},"line":2},"1":{"name":"(anonymous_1)","decl":{"start":{"line":5,"column":27},"end":{"line":5,"column":28}},"loc":{"start":{"line":5,"column":48},"end":{"line":7,"column":1}},"line":5}},"branchMap":{},"s":{"0":1,"1":1,"2":1,"3":0},"f":{"0":1,"1":0},"b":{},"inputSourceMap":{"version":3,"file":"api.js","sourceRoot":"","sources":["api.ts"],"names":[],"mappings":"AAAA,OAAO,KAAK,MAAM,OAAO,CAAC;AAE1B,MAAM,CAAC,IAAM,YAAY,GAAG,UAAC,GAAW;IACpC,OAAO,KAAK,CAAC,GAAG,CAAC,GAAG,CAAC,CAAA;AACzB,CAAC,CAAA;AAED,MAAM,CAAC,IAAM,aAAa,GAAG,UAAC,GAAW,EAAE,IAAS;IAChD,OAAO,KAAK,CAAC,IAAI,CAAC,GAAG,EAAE,IAAI,CAAC,CAAA;AAChC,CAAC,CAAA","sourcesContent":["import axios from 'axios';\n\nexport const apiGetPhotos = (url: string) => {\n    return axios.get(url)\n}\n\nexport const apiPostPhotos = (url: string, body: any) => {\n    return axios.post(url, body)\n}"]},"_coverageSchema":"332fd63041d2c1bcb487cc26dd0d5f7d97098a6c","hash":"8d3ecd3d1c6d9f249a5b9157775bd597642ff5f1"}
}
