TN:
SF:/Users/apple/react-carousel/src/App.tsx
FN:9,(anonymous_0)
FN:11,App
FN:14,(anonymous_2)
FNF:3
FNH:3
FNDA:1,(anonymous_0)
FNDA:1,App
FNDA:1,(anonymous_2)
DA:8,1
DA:9,1
DA:10,1
DA:12,1
DA:14,1
DA:15,1
DA:23,1
LF:7
LH:7
BRDA:8,0,0,1
BRDA:8,0,1,1
BRDA:12,1,0,1
BRDA:12,1,1,1
BRDA:12,1,2,1
BRF:5
BRH:5
end_of_record
TN:
SF:/Users/apple/react-carousel/src/index.tsx
FN:4,_interopRequireDefault
FN:4,_interopRequireWildcard
FNF:2
FNH:0
FNDA:0,_interopRequireDefault
FNDA:0,_interopRequireWildcard
DA:1,0
DA:2,0
DA:3,0
DA:4,0
DA:5,0
DA:6,0
LF:6
LH:0
BRDA:4,0,0,0
BRDA:4,0,1,0
BRDA:4,1,0,0
BRDA:4,1,1,0
BRDA:4,2,0,0
BRDA:4,2,1,0
BRDA:4,3,0,0
BRDA:4,3,1,0
BRDA:4,4,0,0
BRDA:4,4,1,0
BRDA:4,5,0,0
BRDA:4,5,1,0
BRF:12
BRH:0
end_of_record
TN:
SF:/Users/apple/react-carousel/src/registerServiceWorker.ts
FN:107,register
FN:111,(anonymous_1)
FN:114,(anonymous_2)
FN:115,registerValidSW
FN:115,(anonymous_4)
FN:115,(anonymous_5)
FN:115,(anonymous_6)
FN:122,(anonymous_7)
FN:122,checkValidServiceWorker
FN:123,(anonymous_9)
FN:125,(anonymous_10)
FN:125,(anonymous_11)
FN:126,(anonymous_12)
FN:126,unregister
FN:126,(anonymous_14)
FNF:15
FNH:0
FNDA:0,register
FNDA:0,(anonymous_1)
FNDA:0,(anonymous_2)
FNDA:0,registerValidSW
FNDA:0,(anonymous_4)
FNDA:0,(anonymous_5)
FNDA:0,(anonymous_6)
FNDA:0,(anonymous_7)
FNDA:0,checkValidServiceWorker
FNDA:0,(anonymous_9)
FNDA:0,(anonymous_10)
FNDA:0,(anonymous_11)
FNDA:0,(anonymous_12)
FNDA:0,unregister
FNDA:0,(anonymous_14)
DA:1,0
DA:14,0
DA:105,0
DA:107,0
DA:108,0
DA:111,0
DA:112,0
DA:114,0
DA:115,0
DA:119,0
DA:122,0
DA:123,0
DA:124,0
DA:125,0
DA:126,0
LF:15
LH:0
BRDA:105,0,0,0
BRDA:105,0,1,0
BRDA:105,0,2,0
BRDA:107,1,0,0
BRDA:107,1,1,0
BRDA:107,2,0,0
BRDA:107,2,1,0
BRDA:108,3,0,0
BRDA:108,3,1,0
BRDA:111,4,0,0
BRDA:111,4,1,0
BRDA:115,5,0,0
BRDA:115,5,1,0
BRDA:115,6,0,0
BRDA:115,6,1,0
BRDA:115,7,0,0
BRDA:115,7,1,0
BRDA:124,8,0,0
BRDA:124,8,1,0
BRDA:124,9,0,0
BRDA:124,9,1,0
BRDA:126,10,0,0
BRDA:126,10,1,0
BRF:23
BRH:0
end_of_record
TN:
SF:/Users/apple/react-carousel/src/store.ts
FN:4,(anonymous_0)
FN:7,(anonymous_1)
FNF:2
FNH:1
FNDA:1,(anonymous_0)
FNDA:0,(anonymous_1)
DA:4,1
DA:5,1
DA:7,1
DA:8,0
DA:10,1
DA:11,1
LF:6
LH:5
BRDA:10,0,0,1
BRDA:10,0,1,0
BRF:2
BRH:1
end_of_record
TN:
SF:/Users/apple/react-carousel/src/actions/photos_action.ts
FN:6,(anonymous_0)
FN:7,(anonymous_1)
FN:7,(anonymous_2)
FN:9,(anonymous_3)
FNF:4
FNH:4
FNDA:1,(anonymous_0)
FNDA:1,(anonymous_1)
FNDA:1,(anonymous_2)
FNDA:4,(anonymous_3)
DA:1,1
DA:5,1
DA:6,1
DA:7,1
DA:9,1
DA:10,4
DA:12,1
DA:13,1
DA:15,1
DA:16,1
DA:18,1
DA:19,0
DA:20,0
DA:21,0
DA:23,0
DA:25,1
DA:26,1
DA:27,1
DA:28,1
LF:19
LH:15
BRDA:10,0,0,1
BRDA:10,0,1,1
BRDA:10,0,2,1
BRDA:10,0,3,1
BRDA:10,0,4,1
BRDA:20,1,0,0
BRDA:20,1,1,0
BRF:7
BRH:5
end_of_record
TN:
SF:/Users/apple/react-carousel/src/actions/action-types/action-types.ts
FN:6,(anonymous_0)
FN:12,(anonymous_1)
FN:17,(anonymous_2)
FNF:3
FNH:2
FNDA:1,(anonymous_0)
FNDA:1,(anonymous_1)
FNDA:0,(anonymous_2)
DA:1,1
DA:6,1
DA:12,1
DA:17,1
LF:4
LH:4
BRF:0
BRH:0
end_of_record
TN:
SF:/Users/apple/react-carousel/src/modules/PhotosList/Photo.tsx
FN:8,(anonymous_0)
FNF:1
FNH:1
FNDA:1,(anonymous_0)
DA:5,1
DA:6,1
DA:8,1
DA:9,1
LF:4
LH:4
BRDA:5,0,0,1
BRDA:5,0,1,1
BRDA:6,1,0,1
BRDA:6,1,1,1
BRF:4
BRH:4
end_of_record
TN:
SF:/Users/apple/react-carousel/src/modules/PhotosList/PhotosList.tsx
FN:16,(anonymous_0)
FN:18,PhotoList
FN:20,(anonymous_2)
FN:36,(anonymous_3)
FN:38,(anonymous_4)
FN:44,(anonymous_5)
FN:47,(anonymous_6)
FN:60,(anonymous_7)
FN:63,(anonymous_8)
FN:67,(anonymous_9)
FN:72,(anonymous_10)
FN:87,(anonymous_11)
FN:99,(anonymous_12)
FN:100,(anonymous_13)
FNF:14
FNH:9
FNDA:1,(anonymous_0)
FNDA:1,PhotoList
FNDA:1,(anonymous_2)
FNDA:0,(anonymous_3)
FNDA:0,(anonymous_4)
FNDA:0,(anonymous_5)
FNDA:0,(anonymous_6)
FNDA:1,(anonymous_7)
FNDA:0,(anonymous_8)
FNDA:2,(anonymous_9)
FNDA:1,(anonymous_10)
FNDA:2,(anonymous_11)
FNDA:1,(anonymous_12)
FNDA:1,(anonymous_13)
DA:11,1
DA:12,1
DA:13,1
DA:14,1
DA:15,1
DA:16,1
DA:17,1
DA:19,1
DA:20,1
DA:21,1
DA:22,1
DA:23,0
DA:25,1
DA:26,0
DA:28,1
DA:29,0
DA:31,1
DA:32,0
DA:34,1
DA:36,1
DA:37,0
DA:38,0
DA:39,0
DA:40,0
DA:44,1
DA:45,0
DA:46,0
DA:47,0
DA:48,0
DA:49,0
DA:53,1
DA:58,1
DA:60,1
DA:61,1
DA:62,1
DA:63,1
DA:64,0
DA:67,1
DA:68,2
DA:69,1
DA:71,1
DA:72,1
DA:73,1
DA:76,1
DA:85,1
DA:87,1
DA:88,2
DA:89,2
DA:90,8
DA:91,2
DA:94,2
DA:99,1
DA:100,1
DA:102,1
LF:54
LH:40
BRDA:11,0,0,1
BRDA:11,0,1,1
BRDA:12,1,0,1
BRDA:12,1,1,1
BRDA:13,2,0,1
BRDA:13,2,1,1
BRDA:14,3,0,1
BRDA:14,3,1,1
BRDA:19,4,0,1
BRDA:19,4,1,1
BRDA:22,5,0,0
BRDA:22,5,1,1
BRDA:25,6,0,0
BRDA:25,6,1,1
BRDA:28,7,0,0
BRDA:28,7,1,1
BRDA:31,8,0,0
BRDA:31,8,1,1
BRDA:37,9,0,0
BRDA:37,9,1,0
BRDA:46,10,0,0
BRDA:46,10,1,0
BRDA:68,11,0,1
BRDA:68,11,1,1
BRDA:77,12,0,1
BRDA:77,12,1,1
BRDA:79,13,0,1
BRDA:79,13,1,0
BRDA:83,14,0,1
BRDA:83,14,1,1
BRDA:90,15,0,2
BRDA:90,15,1,6
BRDA:90,16,0,8
BRDA:90,16,1,3
BRF:34
BRH:25
end_of_record
TN:
SF:/Users/apple/react-carousel/src/reducers/index.ts
FNF:0
FNH:0
LF:0
LH:0
BRF:0
BRH:0
end_of_record
TN:
SF:/Users/apple/react-carousel/src/reducers/photos/index.ts
FN:16,(anonymous_0)
FNF:1
FNH:1
FNDA:5,(anonymous_0)
DA:3,1
DA:16,1
DA:17,5
DA:18,5
DA:20,1
DA:22,0
DA:24,1
DA:26,3
LF:8
LH:7
BRDA:17,0,0,3
BRDA:17,0,1,2
BRDA:18,1,0,1
BRDA:18,1,1,0
BRDA:18,1,2,1
BRDA:18,1,3,3
BRF:6
BRH:5
end_of_record
TN:
SF:/Users/apple/react-carousel/src/reducers/photos/models.ts
FNF:0
FNH:0
DA:1,0
LF:1
LH:0
BRF:0
BRH:0
end_of_record
TN:
SF:/Users/apple/react-carousel/src/utilities/Loader.tsx
FN:6,(anonymous_0)
FNF:1
FNH:1
FNDA:1,(anonymous_0)
DA:5,1
DA:6,1
LF:2
LH:2
BRDA:5,0,0,1
BRDA:5,0,1,1
BRF:2
BRH:2
end_of_record
TN:
SF:/Users/apple/react-carousel/src/utilities/api.ts
FN:2,(anonymous_0)
FN:5,(anonymous_1)
FNF:2
FNH:1
FNDA:1,(anonymous_0)
FNDA:0,(anonymous_1)
DA:2,1
DA:3,1
DA:5,1
DA:6,0
LF:4
LH:3
BRF:0
BRH:0
end_of_record
